2025-11-01 17:42:00 | INFO | repo=pv243-a4m36jee-2016-security-seminar | action=commit
2025-06-28 07:12:00 | DEBUG | repo=pv243-a4m36jee-2016-security-seminar | action=test | passed=true
2025-12-12 19:38:00 | DEBUG | repo=pv243-a4m36jee-2016-security-seminar | action=edit | files=5
2025-04-13 17:48:00 | DEBUG | repo=pv243-a4m36jee-2016-security-seminar | action=test | passed=true
2025-10-02 14:02:00 | WARN | repo=pv243-a4m36jee-2016-security-seminar | action=commit
2025-11-03 13:56:00 | INFO | repo=pv243-a4m36jee-2016-security-seminar | action=commit
2025-01-16 19:11:00 | WARN | repo=pv243-a4m36jee-2016-security-seminar | action=commit
2025-12-16 18:44:00 | WARN | repo=pv243-a4m36jee-2016-security-seminar | action=commit
2025-04-27 21:25:00 | WARN | repo=pv243-a4m36jee-2016-security-seminar | action=commit
2025-03-03 13:05:00 | INFO | repo=pv243-a4m36jee-2016-security-seminar | action=commit
2025-03-08 12:54:00 | DEBUG | repo=pv243-a4m36jee-2016-security-seminar | action=commit
2025-02-21 08:43:00 | WARN | repo=pv243-a4m36jee-2016-security-seminar | action=pull
2025-07-27 10:31:00 | INFO | repo=pv243-a4m36jee-2016-security-seminar | action=commit
2025-12-28 09:33:00 | WARN | repo=pv243-a4m36jee-2016-security-seminar | action=commit
2025-12-13 21:56:00 | INFO | repo=pv243-a4m36jee-2016-security-seminar | action=commit
2025-04-03 07:06:00 | WARN | repo=pv243-a4m36jee-2016-security-seminar | action=commit
2025-11-08 09:19:00 | INFO | repo=pv243-a4m36jee-2016-security-seminar | action=edit | files=1
2025-08-05 18:58:00 | INFO | repo=pv243-a4m36jee-2016-security-seminar | action=commit
2025-12-28 13:30:00 | INFO | repo=pv243-a4m36jee-2016-security-seminar | action=commit
2025-09-18 11:12:00 | INFO | repo=pv243-a4m36jee-2016-security-seminar | action=pull
2025-12-06 10:44:00 | WARN | repo=pv243-a4m36jee-2016-security-seminar | action=pull
2025-06-13 16:35:00 | DEBUG | repo=pv243-a4m36jee-2016-security-seminar | action=test | passed=true
2025-04-12 19:31:00 | WARN | repo=pv243-a4m36jee-2016-security-seminar | action=commit
2025-07-27 07:58:00 | WARN | repo=pv243-a4m36jee-2016-security-seminar | action=edit | files=5
2025-11-04 09:34:00 | INFO | repo=pv243-a4m36jee-2016-security-seminar | action=edit | files=5
2025-07-03 08:46:00 | WARN | repo=pv243-a4m36jee-2016-security-seminar | action=commit
2025-02-15 16:53:00 | WARN | repo=pv243-a4m36jee-2016-security-seminar | action=commit
2025-04-20 12:44:00 | WARN | repo=pv243-a4m36jee-2016-security-seminar | action=commit
2025-12-04 07:25:00 | INFO | repo=pv243-a4m36jee-2016-security-seminar | action=commit
2025-09-06 17:04:00 | DEBUG | repo=pv243-a4m36jee-2016-security-seminar | action=commit
2025-05-13 14:54:00 | WARN | repo=pv243-a4m36jee-2016-security-seminar | action=edit | files=4
2025-06-09 20:48:00 | DEBUG | repo=pv243-a4m36jee-2016-security-seminar | action=commit
2025-04-24 14:15:00 | WARN | repo=pv243-a4m36jee-2016-security-seminar | action=commit
2025-08-05 07:01:00 | DEBUG | repo=pv243-a4m36jee-2016-security-seminar | action=commit
2025-09-09 07:57:00 | DEBUG | repo=pv243-a4m36jee-2016-security-seminar | action=test | passed=true
2025-01-08 18:12:00 | DEBUG | repo=pv243-a4m36jee-2016-security-seminar | action=pull
2025-07-22 21:58:00 | WARN | repo=pv243-a4m36jee-2016-security-seminar | action=commit
2025-11-23 12:02:00 | WARN | repo=pv243-a4m36jee-2016-security-seminar | action=edit | files=1
2025-11-08 09:11:00 | DEBUG | repo=pv243-a4m36jee-2016-security-seminar | action=commit
2025-12-05 19:17:00 | WARN | repo=pv243-a4m36jee-2016-security-seminar | action=edit | files=5
2025-05-06 18:40:00 | INFO | repo=pv243-a4m36jee-2016-security-seminar | action=commit
2025-04-13 13:13:00 | DEBUG | repo=pv243-a4m36jee-2016-security-seminar | action=commit
2025-03-24 09:45:00 | INFO | repo=pv243-a4m36jee-2016-security-seminar | action=commit
2025-03-09 20:18:00 | INFO | repo=pv243-a4m36jee-2016-security-seminar | action=commit
2025-10-06 11:00:00 | INFO | repo=pv243-a4m36jee-2016-security-seminar | action=commit
2025-04-14 20:56:00 | WARN | repo=pv243-a4m36jee-2016-security-seminar | action=commit
2025-11-17 08:31:00 | DEBUG | repo=pv243-a4m36jee-2016-security-seminar | action=commit
2025-04-21 20:28:00 | WARN | repo=pv243-a4m36jee-2016-security-seminar | action=commit
2025-07-09 10:08:00 | WARN | repo=pv243-a4m36jee-2016-security-seminar | action=commit
2025-10-21 08:44:00 | DEBUG | repo=pv243-a4m36jee-2016-security-seminar | action=commit
2025-06-06 10:30:00 | WARN | repo=pv243-a4m36jee-2016-security-seminar | action=commit
2025-03-13 07:56:00 | WARN | repo=pv243-a4m36jee-2016-security-seminar | action=commit
2025-06-17 17:26:00 | INFO | repo=pv243-a4m36jee-2016-security-seminar | action=pull
2025-09-05 10:12:00 | DEBUG | repo=pv243-a4m36jee-2016-security-seminar | action=test | passed=true
2025-05-04 18:47:00 | WARN | repo=pv243-a4m36jee-2016-security-seminar | action=commit
2025-11-12 13:52:00 | WARN | repo=pv243-a4m36jee-2016-security-seminar | action=test | passed=true
2025-12-23 14:18:00 | WARN | repo=pv243-a4m36jee-2016-security-seminar | action=commit
2025-04-22 16:21:00 | WARN | repo=pv243-a4m36jee-2016-security-seminar | action=commit
2025-10-24 20:21:00 | DEBUG | repo=pv243-a4m36jee-2016-security-seminar | action=commit
2025-10-12 15:47:00 | DEBUG | repo=pv243-a4m36jee-2016-security-seminar | action=commit
2025-09-08 08:43:00 | WARN | repo=pv243-a4m36jee-2016-security-seminar | action=commit
2025-04-14 07:18:00 | WARN | repo=pv243-a4m36jee-2016-security-seminar | action=commit
2025-01-01 08:03:00 | WARN | repo=pv243-a4m36jee-2016-security-seminar | action=commit
2025-04-15 07:06:00 | WARN | repo=pv243-a4m36jee-2016-security-seminar | action=commit
2025-02-25 15:00:00 | INFO | repo=pv243-a4m36jee-2016-security-seminar | action=pull
2025-08-28 11:01:00 | WARN | repo=pv243-a4m36jee-2016-security-seminar | action=commit
2025-09-10 13:27:00 | WARN | repo=pv243-a4m36jee-2016-security-seminar | action=commit
2025-02-14 18:08:00 | INFO | repo=pv243-a4m36jee-2016-security-seminar | action=pull
2025-03-21 07:01:00 | WARN | repo=pv243-a4m36jee-2016-security-seminar | action=commit
2025-03-06 12:59:00 | INFO | repo=pv243-a4m36jee-2016-security-seminar | action=edit | files=5
2025-01-15 15:40:00 | INFO | repo=pv243-a4m36jee-2016-security-seminar | action=commit
2025-06-26 16:50:00 | DEBUG | repo=pv243-a4m36jee-2016-security-seminar | action=commit
2025-04-16 12:04:00 | DEBUG | repo=pv243-a4m36jee-2016-security-seminar | action=commit
2025-09-06 13:07:00 | WARN | repo=pv243-a4m36jee-2016-security-seminar | action=commit
